<?xml version="1.0" encoding="UTF-8"?>
<!-- Generated by org.testng.reporters.JUnitReportReporter -->
<testsuite hostname="DESKTOP-8IQ6Q1E" failures="0" tests="1" name="protraining.testrun.Newaccount" time="17.970" errors="0" timestamp="2020-05-06T05:03:08 EDT" skipped="0">
  <testcase classname="protraining.testrun.Newaccount" name="createaccount" time="17.970"/>
  <system-out/>
</testsuite> <!-- protraining.testrun.Newaccount -->
